{"__type":"$$EventMessageWorkflow","id":"7e84b1db-5020-48ce-8729-526a0f7097b8","ts":"2025-11-12T12:24:11.896+00:00","eventName":"n8n.workflow.started","message":"n8n.workflow.started","payload":{"executionId":"297","workflowId":"VTCRkuOG8ybxfHKl","isManual":false,"workflowName":"WhatsApp Completo"}}
{"__type":"$$EventMessageConfirm","confirm":"7e84b1db-5020-48ce-8729-526a0f7097b8","ts":"2025-11-12T12:24:11.897+00:00","source":{"id":"0","name":"eventBus"}}
{"__type":"$$EventMessageNode","id":"24042edf-63d3-4ccc-8b32-1e26602bb305","ts":"2025-11-12T12:24:11.900+00:00","eventName":"n8n.node.started","message":"n8n.node.started","payload":{"workflowId":"VTCRkuOG8ybxfHKl","workflowName":"WhatsApp Completo","executionId":"297","nodeType":"n8n-nodes-base.webhook","nodeName":"Webhook","nodeId":"53f26603-7e28-4b00-bd23-3e7e2fa1117f"}}
{"__type":"$$EventMessageConfirm","confirm":"24042edf-63d3-4ccc-8b32-1e26602bb305","ts":"2025-11-12T12:24:11.901+00:00","source":{"id":"0","name":"eventBus"}}
{"__type":"$$EventMessageNode","id":"6c20ca42-6443-4e53-8990-9a22d5046001","ts":"2025-11-12T12:24:11.904+00:00","eventName":"n8n.node.finished","message":"n8n.node.finished","payload":{"workflowId":"VTCRkuOG8ybxfHKl","workflowName":"WhatsApp Completo","executionId":"297","nodeType":"n8n-nodes-base.webhook","nodeName":"Webhook","nodeId":"53f26603-7e28-4b00-bd23-3e7e2fa1117f"}}
{"__type":"$$EventMessageConfirm","confirm":"6c20ca42-6443-4e53-8990-9a22d5046001","ts":"2025-11-12T12:24:11.905+00:00","source":{"id":"0","name":"eventBus"}}
{"__type":"$$EventMessageNode","id":"bc23d576-6091-466e-9676-5101603594e0","ts":"2025-11-12T12:24:11.909+00:00","eventName":"n8n.node.started","message":"n8n.node.started","payload":{"workflowId":"VTCRkuOG8ybxfHKl","workflowName":"WhatsApp Completo","executionId":"297","nodeType":"n8n-nodes-base.switch","nodeName":"Switch","nodeId":"2052e89f-d3e6-4696-ac2d-3589ceeabdd4"}}
{"__type":"$$EventMessageConfirm","confirm":"bc23d576-6091-466e-9676-5101603594e0","ts":"2025-11-12T12:24:11.910+00:00","source":{"id":"0","name":"eventBus"}}
{"__type":"$$EventMessageNode","id":"2c69d72c-411b-4ae8-b9b3-3108fa670a7a","ts":"2025-11-12T07:24:11.998-05:00","eventName":"n8n.node.finished","message":"n8n.node.finished","payload":{"workflowId":"VTCRkuOG8ybxfHKl","workflowName":"WhatsApp Completo","executionId":"297","nodeType":"n8n-nodes-base.switch","nodeName":"Switch","nodeId":"2052e89f-d3e6-4696-ac2d-3589ceeabdd4"}}
{"__type":"$$EventMessageConfirm","confirm":"2c69d72c-411b-4ae8-b9b3-3108fa670a7a","ts":"2025-11-12T07:24:11.998-05:00","source":{"id":"0","name":"eventBus"}}
{"__type":"$$EventMessageNode","id":"62b8b3cd-1706-4818-8f53-805b60f9d3d5","ts":"2025-11-12T07:24:12.001-05:00","eventName":"n8n.node.started","message":"n8n.node.started","payload":{"workflowId":"VTCRkuOG8ybxfHKl","workflowName":"WhatsApp Completo","executionId":"297","nodeType":"n8n-nodes-base.executeWorkflow","nodeName":"Execute Workflow1","nodeId":"b08fa55d-be89-4bad-b4a4-2670283d1bc1"}}
{"__type":"$$EventMessageConfirm","confirm":"62b8b3cd-1706-4818-8f53-805b60f9d3d5","ts":"2025-11-12T07:24:12.001-05:00","source":{"id":"0","name":"eventBus"}}
{"__type":"$$EventMessageWorkflow","id":"bd0f6610-175c-4b48-80b8-554785e78229","ts":"2025-11-12T07:24:12.141-05:00","eventName":"n8n.workflow.started","message":"n8n.workflow.started","payload":{"executionId":"298","workflowId":"yvaQi0JQSUnQG8eg","isManual":false,"workflowName":"Webhook - Image to Sticker"}}
{"__type":"$$EventMessageConfirm","confirm":"bd0f6610-175c-4b48-80b8-554785e78229","ts":"2025-11-12T07:24:12.141-05:00","source":{"id":"0","name":"eventBus"}}
{"__type":"$$EventMessageNode","id":"8ecf1ba5-718e-4497-b310-970bc4477773","ts":"2025-11-12T07:24:12.141-05:00","eventName":"n8n.node.started","message":"n8n.node.started","payload":{"workflowId":"yvaQi0JQSUnQG8eg","workflowName":"Webhook - Image to Sticker","executionId":"298","nodeType":"n8n-nodes-base.executeWorkflowTrigger","nodeName":"When Executed by Another Workflow","nodeId":"c055762a-8fe7-4141-a639-df2372f30060"}}
{"__type":"$$EventMessageConfirm","confirm":"8ecf1ba5-718e-4497-b310-970bc4477773","ts":"2025-11-12T07:24:12.141-05:00","source":{"id":"0","name":"eventBus"}}
{"__type":"$$EventMessageNode","id":"b0b1b084-363a-4430-b9d3-7416f802ba21","ts":"2025-11-12T07:24:12.142-05:00","eventName":"n8n.node.finished","message":"n8n.node.finished","payload":{"workflowId":"yvaQi0JQSUnQG8eg","workflowName":"Webhook - Image to Sticker","executionId":"298","nodeType":"n8n-nodes-base.executeWorkflowTrigger","nodeName":"When Executed by Another Workflow","nodeId":"c055762a-8fe7-4141-a639-df2372f30060"}}
{"__type":"$$EventMessageConfirm","confirm":"b0b1b084-363a-4430-b9d3-7416f802ba21","ts":"2025-11-12T07:24:12.142-05:00","source":{"id":"0","name":"eventBus"}}
{"__type":"$$EventMessageNode","id":"26d28d84-bde1-4f93-8d0d-eebc9308f6fe","ts":"2025-11-12T07:24:12.142-05:00","eventName":"n8n.node.started","message":"n8n.node.started","payload":{"workflowId":"yvaQi0JQSUnQG8eg","workflowName":"Webhook - Image to Sticker","executionId":"298","nodeType":"n8n-nodes-base.code","nodeName":"Code in JavaScript","nodeId":"016aa809-4d6d-4037-9d5c-afd1c0d44cc2"}}
{"__type":"$$EventMessageConfirm","confirm":"26d28d84-bde1-4f93-8d0d-eebc9308f6fe","ts":"2025-11-12T07:24:12.142-05:00","source":{"id":"0","name":"eventBus"}}
{"__type":"$$EventMessageNode","id":"e8d708c3-28ce-4816-993c-bd094965cc44","ts":"2025-11-12T07:24:12.162-05:00","eventName":"n8n.node.finished","message":"n8n.node.finished","payload":{"workflowId":"yvaQi0JQSUnQG8eg","workflowName":"Webhook - Image to Sticker","executionId":"298","nodeType":"n8n-nodes-base.code","nodeName":"Code in JavaScript","nodeId":"016aa809-4d6d-4037-9d5c-afd1c0d44cc2"}}
{"__type":"$$EventMessageConfirm","confirm":"e8d708c3-28ce-4816-993c-bd094965cc44","ts":"2025-11-12T07:24:12.162-05:00","source":{"id":"0","name":"eventBus"}}
{"__type":"$$EventMessageWorkflow","id":"7e7fb484-0a11-4f7d-9b86-30a803759105","ts":"2025-11-12T07:24:12.164-05:00","eventName":"n8n.workflow.success","message":"n8n.workflow.success","payload":{"userId":"41699c77-3022-473a-a7f1-38fee51ea6a3","executionId":"298","success":true,"isManual":false,"workflowId":"yvaQi0JQSUnQG8eg","workflowName":"Webhook - Image to Sticker"}}
{"__type":"$$EventMessageConfirm","confirm":"7e7fb484-0a11-4f7d-9b86-30a803759105","ts":"2025-11-12T07:24:12.164-05:00","source":{"id":"0","name":"eventBus"}}
{"__type":"$$EventMessageNode","id":"15921b8b-bf0d-41c4-8203-f7467bf3801a","ts":"2025-11-12T07:24:12.219-05:00","eventName":"n8n.node.finished","message":"n8n.node.finished","payload":{"workflowId":"VTCRkuOG8ybxfHKl","workflowName":"WhatsApp Completo","executionId":"297","nodeType":"n8n-nodes-base.executeWorkflow","nodeName":"Execute Workflow1","nodeId":"b08fa55d-be89-4bad-b4a4-2670283d1bc1"}}
{"__type":"$$EventMessageConfirm","confirm":"15921b8b-bf0d-41c4-8203-f7467bf3801a","ts":"2025-11-12T07:24:12.219-05:00","source":{"id":"0","name":"eventBus"}}
{"__type":"$$EventMessageWorkflow","id":"29018c50-d4f8-46e5-beb9-933604b83bf3","ts":"2025-11-12T07:24:12.224-05:00","eventName":"n8n.workflow.success","message":"n8n.workflow.success","payload":{"userId":"41699c77-3022-473a-a7f1-38fee51ea6a3","executionId":"297","success":true,"isManual":true,"workflowId":"VTCRkuOG8ybxfHKl","workflowName":"WhatsApp Completo"}}
{"__type":"$$EventMessageConfirm","confirm":"29018c50-d4f8-46e5-beb9-933604b83bf3","ts":"2025-11-12T07:24:12.224-05:00","source":{"id":"0","name":"eventBus"}}
{"__type":"$$EventMessageWorkflow","id":"f77036b0-a65b-4036-ade2-0fd62ee2a82b","ts":"2025-11-12T07:24:28.519-05:00","eventName":"n8n.workflow.started","message":"n8n.workflow.started","payload":{"executionId":"299","workflowId":"yvaQi0JQSUnQG8eg","isManual":false,"workflowName":"Webhook - Image to Sticker"}}
{"__type":"$$EventMessageConfirm","confirm":"f77036b0-a65b-4036-ade2-0fd62ee2a82b","ts":"2025-11-12T07:24:28.520-05:00","source":{"id":"0","name":"eventBus"}}
{"__type":"$$EventMessageNode","id":"89a8283c-0035-4664-8f0d-ee68f847f2bf","ts":"2025-11-12T07:24:28.523-05:00","eventName":"n8n.node.started","message":"n8n.node.started","payload":{"workflowId":"yvaQi0JQSUnQG8eg","workflowName":"Webhook - Image to Sticker","executionId":"299","nodeType":"n8n-nodes-base.executeWorkflowTrigger","nodeName":"When Executed by Another Workflow","nodeId":"c055762a-8fe7-4141-a639-df2372f30060"}}
{"__type":"$$EventMessageConfirm","confirm":"89a8283c-0035-4664-8f0d-ee68f847f2bf","ts":"2025-11-12T07:24:28.523-05:00","source":{"id":"0","name":"eventBus"}}
{"__type":"$$EventMessageNode","id":"0c386eba-4034-48bd-80d5-76f1dd4836f5","ts":"2025-11-12T07:24:28.526-05:00","eventName":"n8n.node.finished","message":"n8n.node.finished","payload":{"workflowId":"yvaQi0JQSUnQG8eg","workflowName":"Webhook - Image to Sticker","executionId":"299","nodeType":"n8n-nodes-base.executeWorkflowTrigger","nodeName":"When Executed by Another Workflow","nodeId":"c055762a-8fe7-4141-a639-df2372f30060"}}
{"__type":"$$EventMessageConfirm","confirm":"0c386eba-4034-48bd-80d5-76f1dd4836f5","ts":"2025-11-12T07:24:28.527-05:00","source":{"id":"0","name":"eventBus"}}
{"__type":"$$EventMessageNode","id":"df05ab7c-a907-4a97-9e92-4c748aa7657f","ts":"2025-11-12T07:24:28.531-05:00","eventName":"n8n.node.started","message":"n8n.node.started","payload":{"workflowId":"yvaQi0JQSUnQG8eg","workflowName":"Webhook - Image to Sticker","executionId":"299","nodeType":"n8n-nodes-base.code","nodeName":"Code in JavaScript","nodeId":"016aa809-4d6d-4037-9d5c-afd1c0d44cc2"}}
{"__type":"$$EventMessageConfirm","confirm":"df05ab7c-a907-4a97-9e92-4c748aa7657f","ts":"2025-11-12T07:24:28.531-05:00","source":{"id":"0","name":"eventBus"}}
{"__type":"$$EventMessageNode","id":"204833da-0a62-44ea-b449-e1b283b7439e","ts":"2025-11-12T07:24:28.555-05:00","eventName":"n8n.node.finished","message":"n8n.node.finished","payload":{"workflowId":"yvaQi0JQSUnQG8eg","workflowName":"Webhook - Image to Sticker","executionId":"299","nodeType":"n8n-nodes-base.code","nodeName":"Code in JavaScript","nodeId":"016aa809-4d6d-4037-9d5c-afd1c0d44cc2"}}
{"__type":"$$EventMessageConfirm","confirm":"204833da-0a62-44ea-b449-e1b283b7439e","ts":"2025-11-12T07:24:28.555-05:00","source":{"id":"0","name":"eventBus"}}
{"__type":"$$EventMessageWorkflow","id":"e3430849-02ed-44c0-981a-78680f32638d","ts":"2025-11-12T07:24:28.559-05:00","eventName":"n8n.workflow.failed","message":"n8n.workflow.failed","payload":{"userId":"41699c77-3022-473a-a7f1-38fee51ea6a3","executionId":"299","success":false,"isManual":true,"workflowId":"yvaQi0JQSUnQG8eg","workflowName":"Webhook - Image to Sticker","lastNodeExecuted":"Code in JavaScript","errorNodeType":"n8n-nodes-base.code","errorMessage":"Cannot find module 'sharp' [line 1]"}}
{"__type":"$$EventMessageConfirm","confirm":"e3430849-02ed-44c0-981a-78680f32638d","ts":"2025-11-12T07:24:28.559-05:00","source":{"id":"0","name":"eventBus"}}
