{"__type":"$$EventMessageWorkflow","id":"69fcdbaf-6b3f-421c-9b71-3c5ca03bf582","ts":"2025-11-12T12:27:33.885+00:00","eventName":"n8n.workflow.started","message":"n8n.workflow.started","payload":{"executionId":"300","workflowId":"yvaQi0JQSUnQG8eg","isManual":false,"workflowName":"Webhook - Image to Sticker"}}
{"__type":"$$EventMessageConfirm","confirm":"69fcdbaf-6b3f-421c-9b71-3c5ca03bf582","ts":"2025-11-12T12:27:33.886+00:00","source":{"id":"0","name":"eventBus"}}
{"__type":"$$EventMessageNode","id":"5eb164be-e3a5-42d1-b038-587c02695fc3","ts":"2025-11-12T12:27:33.893+00:00","eventName":"n8n.node.started","message":"n8n.node.started","payload":{"workflowId":"yvaQi0JQSUnQG8eg","workflowName":"Webhook - Image to Sticker","executionId":"300","nodeType":"n8n-nodes-base.executeWorkflowTrigger","nodeName":"When Executed by Another Workflow","nodeId":"c055762a-8fe7-4141-a639-df2372f30060"}}
{"__type":"$$EventMessageConfirm","confirm":"5eb164be-e3a5-42d1-b038-587c02695fc3","ts":"2025-11-12T12:27:33.893+00:00","source":{"id":"0","name":"eventBus"}}
{"__type":"$$EventMessageNode","id":"9e85a1d5-2d91-4bd0-9673-6f15f2ac9f90","ts":"2025-11-12T12:27:33.900+00:00","eventName":"n8n.node.finished","message":"n8n.node.finished","payload":{"workflowId":"yvaQi0JQSUnQG8eg","workflowName":"Webhook - Image to Sticker","executionId":"300","nodeType":"n8n-nodes-base.executeWorkflowTrigger","nodeName":"When Executed by Another Workflow","nodeId":"c055762a-8fe7-4141-a639-df2372f30060"}}
{"__type":"$$EventMessageConfirm","confirm":"9e85a1d5-2d91-4bd0-9673-6f15f2ac9f90","ts":"2025-11-12T12:27:33.901+00:00","source":{"id":"0","name":"eventBus"}}
{"__type":"$$EventMessageNode","id":"0b58dbaf-c1bb-4a90-90fa-dff5c1b6bf7c","ts":"2025-11-12T12:27:33.907+00:00","eventName":"n8n.node.started","message":"n8n.node.started","payload":{"workflowId":"yvaQi0JQSUnQG8eg","workflowName":"Webhook - Image to Sticker","executionId":"300","nodeType":"n8n-nodes-base.code","nodeName":"Code in JavaScript","nodeId":"016aa809-4d6d-4037-9d5c-afd1c0d44cc2"}}
{"__type":"$$EventMessageConfirm","confirm":"0b58dbaf-c1bb-4a90-90fa-dff5c1b6bf7c","ts":"2025-11-12T12:27:33.907+00:00","source":{"id":"0","name":"eventBus"}}
{"__type":"$$EventMessageNode","id":"0ffce5c8-3779-43b3-a836-035b0c1110dc","ts":"2025-11-12T07:27:34.091-05:00","eventName":"n8n.node.finished","message":"n8n.node.finished","payload":{"workflowId":"yvaQi0JQSUnQG8eg","workflowName":"Webhook - Image to Sticker","executionId":"300","nodeType":"n8n-nodes-base.code","nodeName":"Code in JavaScript","nodeId":"016aa809-4d6d-4037-9d5c-afd1c0d44cc2"}}
{"__type":"$$EventMessageConfirm","confirm":"0ffce5c8-3779-43b3-a836-035b0c1110dc","ts":"2025-11-12T07:27:34.092-05:00","source":{"id":"0","name":"eventBus"}}
{"__type":"$$EventMessageWorkflow","id":"90679fcd-15fa-4dc6-855b-46364bbca6a5","ts":"2025-11-12T07:27:34.101-05:00","eventName":"n8n.workflow.failed","message":"n8n.workflow.failed","payload":{"userId":"41699c77-3022-473a-a7f1-38fee51ea6a3","executionId":"300","success":false,"isManual":true,"workflowId":"yvaQi0JQSUnQG8eg","workflowName":"Webhook - Image to Sticker","lastNodeExecuted":"Code in JavaScript","errorNodeType":"n8n-nodes-base.code","errorMessage":"Could not load the \"sharp\" module using the linuxmusl-x64 runtime"}}
{"__type":"$$EventMessageConfirm","confirm":"90679fcd-15fa-4dc6-855b-46364bbca6a5","ts":"2025-11-12T07:27:34.101-05:00","source":{"id":"0","name":"eventBus"}}
{"__type":"$$EventMessageWorkflow","id":"bc1f487d-4380-48b5-b0df-16dcbd03a293","ts":"2025-11-12T07:27:43.553-05:00","eventName":"n8n.workflow.started","message":"n8n.workflow.started","payload":{"executionId":"301","workflowId":"VTCRkuOG8ybxfHKl","isManual":false,"workflowName":"WhatsApp Completo"}}
{"__type":"$$EventMessageConfirm","confirm":"bc1f487d-4380-48b5-b0df-16dcbd03a293","ts":"2025-11-12T07:27:43.554-05:00","source":{"id":"0","name":"eventBus"}}
{"__type":"$$EventMessageNode","id":"ed28fd0e-b840-4573-90dc-9c1b8fbf5ef1","ts":"2025-11-12T07:27:43.555-05:00","eventName":"n8n.node.started","message":"n8n.node.started","payload":{"workflowId":"VTCRkuOG8ybxfHKl","workflowName":"WhatsApp Completo","executionId":"301","nodeType":"n8n-nodes-base.webhook","nodeName":"Webhook","nodeId":"53f26603-7e28-4b00-bd23-3e7e2fa1117f"}}
{"__type":"$$EventMessageConfirm","confirm":"ed28fd0e-b840-4573-90dc-9c1b8fbf5ef1","ts":"2025-11-12T07:27:43.555-05:00","source":{"id":"0","name":"eventBus"}}
{"__type":"$$EventMessageNode","id":"053c1db1-24ee-4f8f-b113-1d9ef057419b","ts":"2025-11-12T07:27:43.561-05:00","eventName":"n8n.node.finished","message":"n8n.node.finished","payload":{"workflowId":"VTCRkuOG8ybxfHKl","workflowName":"WhatsApp Completo","executionId":"301","nodeType":"n8n-nodes-base.webhook","nodeName":"Webhook","nodeId":"53f26603-7e28-4b00-bd23-3e7e2fa1117f"}}
{"__type":"$$EventMessageConfirm","confirm":"053c1db1-24ee-4f8f-b113-1d9ef057419b","ts":"2025-11-12T07:27:43.561-05:00","source":{"id":"0","name":"eventBus"}}
{"__type":"$$EventMessageNode","id":"06379a99-4d06-472b-afcc-4f988617a749","ts":"2025-11-12T07:27:43.565-05:00","eventName":"n8n.node.started","message":"n8n.node.started","payload":{"workflowId":"VTCRkuOG8ybxfHKl","workflowName":"WhatsApp Completo","executionId":"301","nodeType":"n8n-nodes-base.switch","nodeName":"Switch","nodeId":"2052e89f-d3e6-4696-ac2d-3589ceeabdd4"}}
{"__type":"$$EventMessageConfirm","confirm":"06379a99-4d06-472b-afcc-4f988617a749","ts":"2025-11-12T07:27:43.566-05:00","source":{"id":"0","name":"eventBus"}}
{"__type":"$$EventMessageNode","id":"7c96b1e7-1682-4988-890c-e1f408fd7e96","ts":"2025-11-12T07:27:43.662-05:00","eventName":"n8n.node.finished","message":"n8n.node.finished","payload":{"workflowId":"VTCRkuOG8ybxfHKl","workflowName":"WhatsApp Completo","executionId":"301","nodeType":"n8n-nodes-base.switch","nodeName":"Switch","nodeId":"2052e89f-d3e6-4696-ac2d-3589ceeabdd4"}}
{"__type":"$$EventMessageConfirm","confirm":"7c96b1e7-1682-4988-890c-e1f408fd7e96","ts":"2025-11-12T07:27:43.663-05:00","source":{"id":"0","name":"eventBus"}}
{"__type":"$$EventMessageNode","id":"3e3c7c9c-7581-4c86-bb99-6c31961b8f08","ts":"2025-11-12T07:27:43.667-05:00","eventName":"n8n.node.started","message":"n8n.node.started","payload":{"workflowId":"VTCRkuOG8ybxfHKl","workflowName":"WhatsApp Completo","executionId":"301","nodeType":"n8n-nodes-base.executeWorkflow","nodeName":"Execute Workflow1","nodeId":"b08fa55d-be89-4bad-b4a4-2670283d1bc1"}}
{"__type":"$$EventMessageConfirm","confirm":"3e3c7c9c-7581-4c86-bb99-6c31961b8f08","ts":"2025-11-12T07:27:43.667-05:00","source":{"id":"0","name":"eventBus"}}
{"__type":"$$EventMessageWorkflow","id":"b2050b8e-099a-4fc8-994a-85075a7c2a7e","ts":"2025-11-12T07:27:43.750-05:00","eventName":"n8n.workflow.started","message":"n8n.workflow.started","payload":{"executionId":"302","workflowId":"yvaQi0JQSUnQG8eg","isManual":false,"workflowName":"Webhook - Image to Sticker"}}
{"__type":"$$EventMessageConfirm","confirm":"b2050b8e-099a-4fc8-994a-85075a7c2a7e","ts":"2025-11-12T07:27:43.750-05:00","source":{"id":"0","name":"eventBus"}}
{"__type":"$$EventMessageNode","id":"28f253ef-1bf3-463c-b08d-59adc4a98203","ts":"2025-11-12T07:27:43.751-05:00","eventName":"n8n.node.started","message":"n8n.node.started","payload":{"workflowId":"yvaQi0JQSUnQG8eg","workflowName":"Webhook - Image to Sticker","executionId":"302","nodeType":"n8n-nodes-base.executeWorkflowTrigger","nodeName":"When Executed by Another Workflow","nodeId":"c055762a-8fe7-4141-a639-df2372f30060"}}
{"__type":"$$EventMessageConfirm","confirm":"28f253ef-1bf3-463c-b08d-59adc4a98203","ts":"2025-11-12T07:27:43.751-05:00","source":{"id":"0","name":"eventBus"}}
{"__type":"$$EventMessageNode","id":"f94c2a51-64ad-4fda-9583-d61d70d7e009","ts":"2025-11-12T07:27:43.753-05:00","eventName":"n8n.node.finished","message":"n8n.node.finished","payload":{"workflowId":"yvaQi0JQSUnQG8eg","workflowName":"Webhook - Image to Sticker","executionId":"302","nodeType":"n8n-nodes-base.executeWorkflowTrigger","nodeName":"When Executed by Another Workflow","nodeId":"c055762a-8fe7-4141-a639-df2372f30060"}}
{"__type":"$$EventMessageConfirm","confirm":"f94c2a51-64ad-4fda-9583-d61d70d7e009","ts":"2025-11-12T07:27:43.753-05:00","source":{"id":"0","name":"eventBus"}}
{"__type":"$$EventMessageNode","id":"9bd21df5-db34-4a0c-b881-419ad12216f2","ts":"2025-11-12T07:27:43.754-05:00","eventName":"n8n.node.started","message":"n8n.node.started","payload":{"workflowId":"yvaQi0JQSUnQG8eg","workflowName":"Webhook - Image to Sticker","executionId":"302","nodeType":"n8n-nodes-base.code","nodeName":"Code in JavaScript","nodeId":"016aa809-4d6d-4037-9d5c-afd1c0d44cc2"}}
{"__type":"$$EventMessageConfirm","confirm":"9bd21df5-db34-4a0c-b881-419ad12216f2","ts":"2025-11-12T07:27:43.754-05:00","source":{"id":"0","name":"eventBus"}}
{"__type":"$$EventMessageNode","id":"b786c16c-bf19-433a-ae6e-610a6a30f4f0","ts":"2025-11-12T07:27:43.786-05:00","eventName":"n8n.node.finished","message":"n8n.node.finished","payload":{"workflowId":"yvaQi0JQSUnQG8eg","workflowName":"Webhook - Image to Sticker","executionId":"302","nodeType":"n8n-nodes-base.code","nodeName":"Code in JavaScript","nodeId":"016aa809-4d6d-4037-9d5c-afd1c0d44cc2"}}
{"__type":"$$EventMessageConfirm","confirm":"b786c16c-bf19-433a-ae6e-610a6a30f4f0","ts":"2025-11-12T07:27:43.788-05:00","source":{"id":"0","name":"eventBus"}}
{"__type":"$$EventMessageWorkflow","id":"85662b22-f1eb-4aaa-9790-f523b1dcf23f","ts":"2025-11-12T07:27:43.789-05:00","eventName":"n8n.workflow.success","message":"n8n.workflow.success","payload":{"userId":"41699c77-3022-473a-a7f1-38fee51ea6a3","executionId":"302","success":true,"isManual":false,"workflowId":"yvaQi0JQSUnQG8eg","workflowName":"Webhook - Image to Sticker"}}
{"__type":"$$EventMessageConfirm","confirm":"85662b22-f1eb-4aaa-9790-f523b1dcf23f","ts":"2025-11-12T07:27:43.789-05:00","source":{"id":"0","name":"eventBus"}}
{"__type":"$$EventMessageNode","id":"371cd57d-4ddd-4a7b-82cb-d19e1c31878f","ts":"2025-11-12T07:27:43.929-05:00","eventName":"n8n.node.finished","message":"n8n.node.finished","payload":{"workflowId":"VTCRkuOG8ybxfHKl","workflowName":"WhatsApp Completo","executionId":"301","nodeType":"n8n-nodes-base.executeWorkflow","nodeName":"Execute Workflow1","nodeId":"b08fa55d-be89-4bad-b4a4-2670283d1bc1"}}
{"__type":"$$EventMessageConfirm","confirm":"371cd57d-4ddd-4a7b-82cb-d19e1c31878f","ts":"2025-11-12T07:27:43.929-05:00","source":{"id":"0","name":"eventBus"}}
{"__type":"$$EventMessageWorkflow","id":"f22c9c1f-67e2-4b63-9692-5cfad1a28cbb","ts":"2025-11-12T07:27:43.937-05:00","eventName":"n8n.workflow.success","message":"n8n.workflow.success","payload":{"userId":"41699c77-3022-473a-a7f1-38fee51ea6a3","executionId":"301","success":true,"isManual":true,"workflowId":"VTCRkuOG8ybxfHKl","workflowName":"WhatsApp Completo"}}
{"__type":"$$EventMessageConfirm","confirm":"f22c9c1f-67e2-4b63-9692-5cfad1a28cbb","ts":"2025-11-12T07:27:43.938-05:00","source":{"id":"0","name":"eventBus"}}
{"__type":"$$EventMessageWorkflow","id":"7ce03ac5-d15a-4b99-9662-d62809f60b23","ts":"2025-11-12T07:27:58.784-05:00","eventName":"n8n.workflow.started","message":"n8n.workflow.started","payload":{"executionId":"303","workflowId":"yvaQi0JQSUnQG8eg","isManual":false,"workflowName":"Webhook - Image to Sticker"}}
{"__type":"$$EventMessageConfirm","confirm":"7ce03ac5-d15a-4b99-9662-d62809f60b23","ts":"2025-11-12T07:27:58.784-05:00","source":{"id":"0","name":"eventBus"}}
{"__type":"$$EventMessageNode","id":"57d77dec-7e8e-4fa3-b076-c9c07ca30a82","ts":"2025-11-12T07:27:58.785-05:00","eventName":"n8n.node.started","message":"n8n.node.started","payload":{"workflowId":"yvaQi0JQSUnQG8eg","workflowName":"Webhook - Image to Sticker","executionId":"303","nodeType":"n8n-nodes-base.executeWorkflowTrigger","nodeName":"When Executed by Another Workflow","nodeId":"c055762a-8fe7-4141-a639-df2372f30060"}}
{"__type":"$$EventMessageConfirm","confirm":"57d77dec-7e8e-4fa3-b076-c9c07ca30a82","ts":"2025-11-12T07:27:58.786-05:00","source":{"id":"0","name":"eventBus"}}
{"__type":"$$EventMessageNode","id":"c6e672a9-6b3d-4342-8256-9f5200b9d14a","ts":"2025-11-12T07:27:58.799-05:00","eventName":"n8n.node.finished","message":"n8n.node.finished","payload":{"workflowId":"yvaQi0JQSUnQG8eg","workflowName":"Webhook - Image to Sticker","executionId":"303","nodeType":"n8n-nodes-base.executeWorkflowTrigger","nodeName":"When Executed by Another Workflow","nodeId":"c055762a-8fe7-4141-a639-df2372f30060"}}
{"__type":"$$EventMessageConfirm","confirm":"c6e672a9-6b3d-4342-8256-9f5200b9d14a","ts":"2025-11-12T07:27:58.800-05:00","source":{"id":"0","name":"eventBus"}}
{"__type":"$$EventMessageNode","id":"dbf9eb92-fd0d-47e9-b516-2b4071bd2985","ts":"2025-11-12T07:27:58.802-05:00","eventName":"n8n.node.started","message":"n8n.node.started","payload":{"workflowId":"yvaQi0JQSUnQG8eg","workflowName":"Webhook - Image to Sticker","executionId":"303","nodeType":"n8n-nodes-base.code","nodeName":"Code in JavaScript","nodeId":"016aa809-4d6d-4037-9d5c-afd1c0d44cc2"}}
{"__type":"$$EventMessageConfirm","confirm":"dbf9eb92-fd0d-47e9-b516-2b4071bd2985","ts":"2025-11-12T07:27:58.802-05:00","source":{"id":"0","name":"eventBus"}}
{"__type":"$$EventMessageNode","id":"9d9ebca6-8edc-4920-8358-3b463cf1d3e1","ts":"2025-11-12T07:27:58.816-05:00","eventName":"n8n.node.finished","message":"n8n.node.finished","payload":{"workflowId":"yvaQi0JQSUnQG8eg","workflowName":"Webhook - Image to Sticker","executionId":"303","nodeType":"n8n-nodes-base.code","nodeName":"Code in JavaScript","nodeId":"016aa809-4d6d-4037-9d5c-afd1c0d44cc2"}}
{"__type":"$$EventMessageConfirm","confirm":"9d9ebca6-8edc-4920-8358-3b463cf1d3e1","ts":"2025-11-12T07:27:58.816-05:00","source":{"id":"0","name":"eventBus"}}
{"__type":"$$EventMessageWorkflow","id":"5f198aa3-ac43-45ba-bb0c-632af331b065","ts":"2025-11-12T07:27:58.818-05:00","eventName":"n8n.workflow.failed","message":"n8n.workflow.failed","payload":{"userId":"41699c77-3022-473a-a7f1-38fee51ea6a3","executionId":"303","success":false,"isManual":true,"workflowId":"yvaQi0JQSUnQG8eg","workflowName":"Webhook - Image to Sticker","lastNodeExecuted":"Code in JavaScript","errorNodeType":"n8n-nodes-base.code","errorMessage":"Could not load the \"sharp\" module using the linuxmusl-x64 runtime"}}
{"__type":"$$EventMessageConfirm","confirm":"5f198aa3-ac43-45ba-bb0c-632af331b065","ts":"2025-11-12T07:27:58.819-05:00","source":{"id":"0","name":"eventBus"}}
